0 info it worked if it ends with ok
1 verbose cli [ '/usr/bin/node', '/usr/bin/npm', 'install', '-g', 'mean-cli' ]
2 info using npm@1.4.28
3 info using node@v0.10.40
4 verbose node symlink /usr/bin/node
5 verbose cache add [ 'mean-cli', null ]
6 verbose cache add name=undefined spec="mean-cli" args=["mean-cli",null]
7 verbose parsed url { protocol: null,
7 verbose parsed url   slashes: null,
7 verbose parsed url   auth: null,
7 verbose parsed url   host: null,
7 verbose parsed url   port: null,
7 verbose parsed url   hostname: null,
7 verbose parsed url   hash: null,
7 verbose parsed url   search: null,
7 verbose parsed url   query: null,
7 verbose parsed url   pathname: 'mean-cli',
7 verbose parsed url   path: 'mean-cli',
7 verbose parsed url   href: 'mean-cli' }
8 silly lockFile cfd3b0e0-mean-cli mean-cli
9 verbose lock mean-cli /home/george/.npm/cfd3b0e0-mean-cli.lock
10 silly lockFile cfd3b0e0-mean-cli mean-cli
11 silly lockFile cfd3b0e0-mean-cli mean-cli
12 verbose addNamed [ 'mean-cli', '' ]
13 verbose addNamed [ null, '*' ]
14 silly lockFile 4d7ee43f-mean-cli mean-cli@
15 verbose lock mean-cli@ /home/george/.npm/4d7ee43f-mean-cli.lock
16 silly addNameRange { name: 'mean-cli', range: '*', hasData: false }
17 verbose request where is /mean-cli
18 verbose request registry https://registry.npmjs.org/
19 verbose request id f6a262ac269f8fac
20 verbose url raw /mean-cli
21 verbose url resolving [ 'https://registry.npmjs.org/', './mean-cli' ]
22 verbose url resolved https://registry.npmjs.org/mean-cli
23 verbose request where is https://registry.npmjs.org/mean-cli
24 info trying registry request attempt 1 at 16:34:42
25 http GET https://registry.npmjs.org/mean-cli
26 http 200 https://registry.npmjs.org/mean-cli
27 silly registry.get cb [ 200,
27 silly registry.get   { server: 'CouchDB/1.5.0 (Erlang OTP/R16B03)',
27 silly registry.get     etag: '"7LKQRDM3BCS561CIKZNBP1KVQ"',
27 silly registry.get     'content-type': 'application/json',
27 silly registry.get     'cache-control': 'max-age=60',
27 silly registry.get     'content-length': '137125',
27 silly registry.get     'accept-ranges': 'bytes',
27 silly registry.get     date: 'Wed, 14 Oct 2015 13:34:44 GMT',
27 silly registry.get     via: '1.1 varnish',
27 silly registry.get     age: '0',
27 silly registry.get     connection: 'keep-alive',
27 silly registry.get     'x-served-by': 'cache-ams4130-AMS',
27 silly registry.get     'x-cache': 'HIT',
27 silly registry.get     'x-cache-hits': '1',
27 silly registry.get     'x-timer': 'S1444829684.217391,VS0,VE102',
27 silly registry.get     vary: 'Accept' } ]
28 silly addNameRange number 2 { name: 'mean-cli', range: '*', hasData: true }
29 silly addNameRange versions [ 'mean-cli',
29 silly addNameRange   [ '0.0.0',
29 silly addNameRange     '0.0.1',
29 silly addNameRange     '0.0.2',
29 silly addNameRange     '0.0.3',
29 silly addNameRange     '0.0.4',
29 silly addNameRange     '0.5.25',
29 silly addNameRange     '0.5.26',
29 silly addNameRange     '0.5.27',
29 silly addNameRange     '0.5.31',
29 silly addNameRange     '0.5.34',
29 silly addNameRange     '0.9.0',
29 silly addNameRange     '0.9.1',
29 silly addNameRange     '0.0.9',
29 silly addNameRange     '0.0.10',
29 silly addNameRange     '0.0.11',
29 silly addNameRange     '0.0.12',
29 silly addNameRange     '0.9.2',
29 silly addNameRange     '0.9.3',
29 silly addNameRange     '0.9.4',
29 silly addNameRange     '0.9.5',
29 silly addNameRange     '0.9.6',
29 silly addNameRange     '0.9.7',
29 silly addNameRange     '0.9.8',
29 silly addNameRange     '0.9.9',
29 silly addNameRange     '0.9.10',
29 silly addNameRange     '0.9.11',
29 silly addNameRange     '0.9.12',
29 silly addNameRange     '0.9.13',
29 silly addNameRange     '0.9.14',
29 silly addNameRange     '0.9.15',
29 silly addNameRange     '0.9.16',
29 silly addNameRange     '0.9.17',
29 silly addNameRange     '0.9.18',
29 silly addNameRange     '0.9.19',
29 silly addNameRange     '0.9.20',
29 silly addNameRange     '0.9.21',
29 silly addNameRange     '0.9.22',
29 silly addNameRange     '0.9.23',
29 silly addNameRange     '0.9.24',
29 silly addNameRange     '0.9.25',
29 silly addNameRange     '0.9.26',
29 silly addNameRange     '0.9.27',
29 silly addNameRange     '0.9.28',
29 silly addNameRange     '0.9.29',
29 silly addNameRange     '0.10.1',
29 silly addNameRange     '0.10.2',
29 silly addNameRange     '0.10.3',
29 silly addNameRange     '0.10.4',
29 silly addNameRange     '0.10.5',
29 silly addNameRange     '0.10.6',
29 silly addNameRange     '0.10.7',
29 silly addNameRange     '0.10.8',
29 silly addNameRange     '0.10.9',
29 silly addNameRange     '0.10.10',
29 silly addNameRange     '0.10.11',
29 silly addNameRange     '0.10.12',
29 silly addNameRange     '0.10.13',
29 silly addNameRange     '0.10.14' ] ]
30 verbose addNamed [ 'mean-cli', '0.10.14' ]
31 verbose addNamed [ '0.10.14', '0.10.14' ]
32 silly lockFile 5a670b78-mean-cli-0-10-14 mean-cli@0.10.14
33 verbose lock mean-cli@0.10.14 /home/george/.npm/5a670b78-mean-cli-0-10-14.lock
34 silly lockFile 5a670b78-mean-cli-0-10-14 mean-cli@0.10.14
35 silly lockFile 5a670b78-mean-cli-0-10-14 mean-cli@0.10.14
36 silly lockFile 4d7ee43f-mean-cli mean-cli@
37 silly lockFile 4d7ee43f-mean-cli mean-cli@
38 silly resolved [ { name: 'mean-cli',
38 silly resolved     description: 'Simple command line interface for installing and managing MEAN apps',
38 silly resolved     version: '0.10.14',
38 silly resolved     author: { name: 'https://github.com/linnovate/mean-cli/graphs/contributors' },
38 silly resolved     bin:
38 silly resolved      { mean: './bin/mean',
38 silly resolved        'mean-init': './bin/mean-init',
38 silly resolved        'mean-authorize': './bin/mean-authorize',
38 silly resolved        'mean-whoami': './bin/mean-whoami',
38 silly resolved        'mean-login': './bin/mean-login',
38 silly resolved        'mean-addKey': './bin/mean-addKey',
38 silly resolved        'mean-publish': './bin/mean-publish',
38 silly resolved        'mean-search': './bin/mean-search',
38 silly resolved        'mean-deploy': './bin/mean-deploy',
38 silly resolved        'mean-logs': './bin/mean-logs',
38 silly resolved        'mean-register': './bin/mean-register',
38 silly resolved        'mean-postinstall': './bin/mean-postinstall',
38 silly resolved        'mean-preinstall': './bin/mean-preinstall',
38 silly resolved        'mean-install': './bin/mean-install',
38 silly resolved        'mean-uninstall': './bin/mean-uninstall',
38 silly resolved        'mean-docs': './bin/mean-docs',
38 silly resolved        'mean-package': './bin/mean-package',
38 silly resolved        'mean-list': './bin/mean-list',
38 silly resolved        'mean-status': './bin/mean-status',
38 silly resolved        'mean-user': './bin/mean-user',
38 silly resolved        'mean-logout': './bin/mean-logout',
38 silly resolved        'mean-disable': './bin/mean-disable',
38 silly resolved        'mean-enable': './bin/mean-enable' },
38 silly resolved     contributors: 'https://github.com/linnovate/mean-cli/graphs/contributors',
38 silly resolved     dependencies:
38 silly resolved      { bower: '^1.3.8',
38 silly resolved        chalk: '^0.5.1',
38 silly resolved        commander: '^2.4.0',
38 silly resolved        inquirer: '^0.8.0',
38 silly resolved        'json-file-plus': '^2.0.0',
38 silly resolved        lodash: '^2.4.1',
38 silly resolved        'mean-health': '~0.1.3',
38 silly resolved        mongoose: '~4.0.2',
38 silly resolved        npm: '^2.1.0',
38 silly resolved        opener: '^1.3.0',
38 silly resolved        progress: '^1.1.8',
38 silly resolved        prompt: '^0.2.13',
38 silly resolved        request: 'latest',
38 silly resolved        shelljs: '^0.3.0',
38 silly resolved        'async-series': 'latest',
38 silly resolved        crypto: 'latest' },
38 silly resolved     devDependencies:
38 silly resolved      { jshint: '^2.5.10',
38 silly resolved        mocha: '^1.18.2',
38 silly resolved        'precommit-hook': '^1.0.7',
38 silly resolved        should: '^3.2.0' },
38 silly resolved     keywords: [ 'mean', 'meanio', 'mean.io', 'mean-cli' ],
38 silly resolved     license: 'MIT',
38 silly resolved     main: 'index',
38 silly resolved     preferGlobal: true,
38 silly resolved     repository:
38 silly resolved      { type: 'git',
38 silly resolved        url: 'https://github.com/linnovate/mean-cli.git' },
38 silly resolved     scripts:
38 silly resolved      { preinstall: 'node ./scripts/preinstall',
38 silly resolved        test: 'node node_modules/.bin/mocha test/**/*.js -R spec' },
38 silly resolved     readme: '[![Build Status](https://travis-ci.org/linnovate/mean-cli.svg)](https://travis-ci.org/linnovate/mean-cli)\n[![Circle CI](https://circleci.com/gh/linnovate/mean-cli.svg?style=svg)](https://circleci.com/gh/linnovate/mean-cli)\n[![NPM version](https://badge.fury.io/js/mean-cli.svg)](http://badge.fury.io/js/mean-cli)\n[![Dependency Status](https://david-dm.org/linnovate/mean-cli.svg)](https://david-dm.org/linnovate/mean-cli)\n[![Gitter](https://badges.gitter.im/JoinChat.svg)](https://gitter.im/linnovate/mean?utm_source=badge&utm_medium=badge&utm_campaign=pr-badge)\n\n# [![MEAN Logo](http://mean.io/system/assets/img/logos/meanlogo.png)](http://mean.io/) MEAN Command Line\n\nSource for npm package meanio. mean-cli is a core package of the mean.io project and is used primarily to manage packages for extending functionality, for example adding a package to enable inline editable tokens. \n\nThe cli provides a lot of useful functionality, such as scaffolding options to create new packages, assign roles to users, check the mongo status, add/remove packages and list currently installed packages.\n\nSee http://mean.io/#!/docs for more in-depth information about mean.\n\n## The repository contains\n* The bin file used for cli operations.\n* Core functionality for managing mean packages.\n\n## Basic Usage\n\n  Install Package:\n\n    $ [sudo] npm install -g mean-cli\n\n  Explore CLI functionality:\n\n    $ mean --help\n\n  Create a new mean app:\n\n    $ mean init <NameOfYourApp>\n\n  Install Dependencies:\n\n    $ cd <NameOfYourApp> && npm install\n\n  Create a sample mean package:\n\n    $ mean package <NameOfYourPackage>\n\n  Run your app:\n\n    $ gulp\n',
38 silly resolved     readmeFilename: 'README.md',
38 silly resolved     bugs: { url: 'https://github.com/linnovate/mean-cli/issues' },
38 silly resolved     homepage: 'https://github.com/linnovate/mean-cli',
38 silly resolved     _id: 'mean-cli@0.10.14',
38 silly resolved     _from: 'mean-cli@' } ]
39 info install mean-cli@0.10.14 into /usr/lib
40 info installOne mean-cli@0.10.14
41 verbose lib/node_modules/mean-cli unbuild
42 verbose tar unpack /home/george/.npm/mean-cli/0.10.14/package.tgz
43 silly lockFile e54d8311-ar-usr-lib-node-modules-mean-cli tar:///usr/lib/node_modules/mean-cli
44 verbose lock tar:///usr/lib/node_modules/mean-cli /home/george/.npm/e54d8311-ar-usr-lib-node-modules-mean-cli.lock
45 silly lockFile 68ec244e-npm-mean-cli-0-10-14-package-tgz tar:///home/george/.npm/mean-cli/0.10.14/package.tgz
46 verbose lock tar:///home/george/.npm/mean-cli/0.10.14/package.tgz /home/george/.npm/68ec244e-npm-mean-cli-0-10-14-package-tgz.lock
47 silly gunzTarPerm modes [ '775', '664' ]
48 error Error: EACCES, mkdir '/usr/lib/node_modules/mean-cli'
48 error  { [Error: EACCES, mkdir '/usr/lib/node_modules/mean-cli']
48 error   errno: 3,
48 error   code: 'EACCES',
48 error   path: '/usr/lib/node_modules/mean-cli',
48 error   fstream_type: 'Directory',
48 error   fstream_path: '/usr/lib/node_modules/mean-cli',
48 error   fstream_class: 'DirWriter',
48 error   fstream_stack:
48 error    [ '/usr/lib/node_modules/npm/node_modules/fstream/lib/dir-writer.js:36:23',
48 error      '/usr/lib/node_modules/npm/node_modules/mkdirp/index.js:46:53',
48 error      'Object.oncomplete (fs.js:108:15)' ] }
49 error Please try running this command again as root/Administrator.
50 error System Linux 3.13.0-65-generic
51 error command "/usr/bin/node" "/usr/bin/npm" "install" "-g" "mean-cli"
52 error cwd /home/george/Desktop/mySearch/STACK
53 error node -v v0.10.40
54 error npm -v 1.4.28
55 error path /usr/lib/node_modules/mean-cli
56 error fstream_path /usr/lib/node_modules/mean-cli
57 error fstream_type Directory
58 error fstream_class DirWriter
59 error code EACCES
60 error errno 3
61 error stack Error: EACCES, mkdir '/usr/lib/node_modules/mean-cli'
62 error fstream_stack /usr/lib/node_modules/npm/node_modules/fstream/lib/dir-writer.js:36:23
62 error fstream_stack /usr/lib/node_modules/npm/node_modules/mkdirp/index.js:46:53
62 error fstream_stack Object.oncomplete (fs.js:108:15)
63 verbose exit [ 3, true ]
